LUCKY                    1  labels=repdigit(d=1,len=1);mersenne(k=1);fibonacci(k=1);fibonacci(k=2);lucas(k=1);tetranacci(k=3);tetranacci(k=4) final_rank=1 proof_factor=0
LUCKY                    3  labels=repdigit(d=3,len=1);mersenne(k=2);mersenne-prime-exp(p=2);fibonacci(k=4);lucas(k=2) final_rank=2 proof_factor=3
reject                   5  labels=repdigit(d=5,len=1);fibonacci(k=5) deletion_rank=3 deletion_factor=3
reject                  11  labels=repdigit(d=1,len=2);lucas(k=5) deletion_rank=6 deletion_factor=3
reject                  23  labels=consecutive-digits(asc,start=2,len=2) deletion_rank=12 deletion_factor=3
reject                  29  labels=lucas(k=7);tetranacci(k=9) deletion_rank=15 deletion_factor=3
reject                  47  labels=lucas(k=8) deletion_rank=24 deletion_factor=3
reject                  65  labels=consecutive-digits(desc,start=6,len=2) deletion_rank=33 deletion_factor=3
reject                  77  labels=repdigit(d=7,len=2) deletion_rank=39 deletion_factor=3
reject                  89  labels=fibonacci(k=11);consecutive-digits(asc,start=8,len=2) deletion_rank=45 deletion_factor=3
reject                 233  labels=fibonacci(k=13) deletion_rank=117 deletion_factor=3
reject                 377  labels=fibonacci(k=14) deletion_rank=189 deletion_factor=3
reject                 401  labels=tetranacci(k=13) deletion_rank=201 deletion_factor=3
reject                 521  labels=lucas(k=13) deletion_rank=261 deletion_factor=3
reject                 773  labels=tetranacci(k=14) deletion_rank=387 deletion_factor=3
reject                2207  labels=lucas(k=16) deletion_rank=1104 deletion_factor=3
reject                2345  labels=consecutive-digits(asc,start=2,len=4) deletion_rank=1173 deletion_factor=3
reject                4181  labels=fibonacci(k=19) deletion_rank=2091 deletion_factor=3
reject                5555  labels=repdigit(d=5,len=4) deletion_rank=2778 deletion_factor=3
reject                8765  labels=consecutive-digits(desc,start=8,len=4) deletion_rank=4383 deletion_factor=3
reject               11111  labels=repdigit(d=1,len=5) deletion_rank=5556 deletion_factor=3
reject               17711  labels=fibonacci(k=22) deletion_rank=8856 deletion_factor=3
reject               56789  labels=consecutive-digits(asc,start=5,len=5) deletion_rank=28395 deletion_factor=3
reject               64079  labels=lucas(k=23) deletion_rank=32040 deletion_factor=3
reject               77777  labels=repdigit(d=7,len=5) deletion_rank=38889 deletion_factor=3
reject               98765  labels=consecutive-digits(desc,start=9,len=5) deletion_rank=49383 deletion_factor=3
reject              514229  labels=fibonacci(k=29) deletion_rank=257115 deletion_factor=3
reject              547337  labels=tetranacci(k=24) deletion_rank=273669 deletion_factor=3
reject              890123  labels=consecutive-digits(asc,start=8,len=6) deletion_rank=445062 deletion_factor=3
reject             1149851  labels=lucas(k=29) deletion_rank=574926 deletion_factor=3
reject             3010349  labels=lucas(k=31) deletion_rank=1505175 deletion_factor=3
reject             4870847  labels=lucas(k=32) deletion_rank=2435424 deletion_factor=3
reject             5555555  labels=repdigit(d=5,len=7) deletion_rank=2777778 deletion_factor=3
reject             9227465  labels=fibonacci(k=35) deletion_rank=4613733 deletion_factor=3
reject            11111111  labels=repdigit(d=1,len=8) deletion_rank=5555556 deletion_factor=3
reject            21098765  labels=consecutive-digits(desc,start=2,len=8) deletion_rank=10549383 deletion_factor=3
reject            23456789  labels=consecutive-digits(asc,start=2,len=8) deletion_rank=11728395 deletion_factor=3
reject            24157817  labels=fibonacci(k=37) deletion_rank=12078909 deletion_factor=3
reject            39088169  labels=fibonacci(k=38) deletion_rank=19544085 deletion_factor=3
reject            54018521  labels=lucas(k=37) deletion_rank=27009261 deletion_factor=3
reject            77777777  labels=repdigit(d=7,len=8) deletion_rank=38888889 deletion_factor=3
reject            89012345  labels=consecutive-digits(asc,start=8,len=8) deletion_rank=44506173 deletion_factor=3
reject           201061985  labels=tetranacci(k=33) deletion_rank=100530993 deletion_factor=3
reject           228826127  labels=lucas(k=40) deletion_rank=114413064 deletion_factor=3
reject           321098765  labels=consecutive-digits(desc,start=3,len=9) deletion_rank=160549383 deletion_factor=3
reject           433494437  labels=fibonacci(k=43) deletion_rank=216747219 deletion_factor=3
reject           567890123  labels=consecutive-digits(asc,start=5,len=9) deletion_rank=283945062 deletion_factor=3
reject          1836311903  labels=fibonacci(k=46) deletion_rank=918155952 deletion_factor=3
reject          5555555555  labels=repdigit(d=5,len=10) deletion_rank=2777777778 deletion_factor=3
reject          6643838879  labels=lucas(k=47) deletion_rank=3321919440 deletion_factor=3
reject         10312882481  labels=tetranacci(k=39) deletion_rank=5156441241 deletion_factor=3
reject         11111111111  labels=repdigit(d=1,len=11) deletion_rank=5555555556 deletion_factor=3
reject         53316291173  labels=fibonacci(k=53) deletion_rank=26658145587 deletion_factor=3
reject         54321098765  labels=consecutive-digits(desc,start=5,len=11) deletion_rank=27160549383 deletion_factor=3
reject         56789012345  labels=consecutive-digits(asc,start=5,len=11) deletion_rank=28394506173 deletion_factor=3
reject         77777777777  labels=repdigit(d=7,len=11) deletion_rank=38888888889 deletion_factor=3
reject        119218851371  labels=lucas(k=53) deletion_rank=59609425686 deletion_factor=3
reject        234567890123  labels=consecutive-digits(asc,start=2,len=12) deletion_rank=117283945062 deletion_factor=3
reject        312119004989  labels=lucas(k=55) deletion_rank=156059502495 deletion_factor=3
reject        505019158607  labels=lucas(k=56) deletion_rank=252509579304 deletion_factor=3
reject        654321098765  labels=consecutive-digits(desc,start=6,len=12) deletion_rank=327160549383 deletion_factor=3
reject        890123456789  labels=consecutive-digits(asc,start=8,len=12) deletion_rank=445061728395 deletion_factor=3
reject        956722026041  labels=fibonacci(k=59) deletion_rank=478361013021 deletion_factor=3
reject       2504730781961  labels=fibonacci(k=61) deletion_rank=1252365390981 deletion_factor=3
reject       4052739537881  labels=fibonacci(k=62) deletion_rank=2026369768941 deletion_factor=3
reject       5555555555555  labels=repdigit(d=5,len=13) deletion_rank=2777777777778 deletion_factor=3
reject       5600748293801  labels=lucas(k=61) deletion_rank=2800374146901 deletion_factor=3
reject      11111111111111  labels=repdigit(d=1,len=14) deletion_rank=5555555555556 deletion_factor=3
reject      23456789012345  labels=consecutive-digits(asc,start=2,len=14) deletion_rank=11728394506173 deletion_factor=3
reject      23725150497407  labels=lucas(k=64) deletion_rank=11862575248704 deletion_factor=3
reject      44945570212853  labels=fibonacci(k=67) deletion_rank=22472785106427 deletion_factor=3
reject      77777777777777  labels=repdigit(d=7,len=14) deletion_rank=38888888888889 deletion_factor=3
reject      87654321098765  labels=consecutive-digits(desc,start=8,len=14) deletion_rank=43827160549383 deletion_factor=3
reject     190392490709135  labels=fibonacci(k=70) deletion_rank=95196245354568 deletion_factor=3
reject     567890123456789  labels=consecutive-digits(asc,start=5,len=15) deletion_rank=283945061728395 deletion_factor=3
reject     688846502588399  labels=lucas(k=71) deletion_rank=344423251294200 deletion_factor=3
reject     987654321098765  labels=consecutive-digits(desc,start=9,len=15) deletion_rank=493827160549383 deletion_factor=3
reject    5170673065591433  labels=tetranacci(k=59) deletion_rank=2585336532795717 deletion_factor=3
reject    5527939700884757  labels=fibonacci(k=77) deletion_rank=2763969850442379 deletion_factor=3
reject    5555555555555555  labels=repdigit(d=5,len=16) deletion_rank=2777777777777778 deletion_factor=3
reject    8901234567890123  labels=consecutive-digits(asc,start=8,len=16) deletion_rank=4450617283945062 deletion_factor=3
reject   11111111111111111  labels=repdigit(d=1,len=17) deletion_rank=5555555555555556 deletion_factor=3
reject   12360848946698171  labels=lucas(k=77) deletion_rank=6180424473349086 deletion_factor=3
reject   32361122672259149  labels=lucas(k=79) deletion_rank=16180561336129575 deletion_factor=3
reject   52361396397820127  labels=lucas(k=80) deletion_rank=26180698198910064 deletion_factor=3
reject   77777777777777777  labels=repdigit(d=7,len=17) deletion_rank=38888888888888889 deletion_factor=3
reject   99194853094755497  labels=fibonacci(k=83) deletion_rank=49597426547377749 deletion_factor=3
reject  210987654321098765  labels=consecutive-digits(desc,start=2,len=18) deletion_rank=105493827160549383 deletion_factor=3
reject  234567890123456789  labels=consecutive-digits(asc,start=2,len=18) deletion_rank=117283945061728395 deletion_factor=3
reject  259695496911122585  labels=fibonacci(k=85) deletion_rank=129847748455561293 deletion_factor=3
reject  420196140727489673  labels=fibonacci(k=86) deletion_rank=210098070363744837 deletion_factor=3
reject  580696784543856761  labels=lucas(k=85) deletion_rank=290348392271928381 deletion_factor=3
reject  890123456789012345  labels=consecutive-digits(asc,start=8,len=18) deletion_rank=445061728394506173 deletion_factor=3
reject 2459871053643326447  labels=lucas(k=88) deletion_rank=1229935526821663224 deletion_factor=3
reject 3210987654321098765  labels=consecutive-digits(desc,start=3,len=19) deletion_rank=1605493827160549383 deletion_factor=3
reject 4660046610375530309  labels=fibonacci(k=91) deletion_rank=2330023305187765155 deletion_factor=3
reject 5555555555555555555  labels=repdigit(d=5,len=19) deletion_rank=2777777777777777778 deletion_factor=3
reject 5678901234567890123  labels=consecutive-digits(asc,start=5,len=19) deletion_rank=2839450617283945062 deletion_factor=3
reject 11111111111111111111  labels=repdigit(d=1,len=20) deletion_rank=5555555555555555556 deletion_factor=3
LUCKY                    7  labels=repdigit(d=7,len=1);mersenne(k=3);mersenne-prime-exp(p=3);lucas(k=4) final_rank=3 proof_factor=7
LUCKY                    9  labels=repdigit(d=9,len=1) final_rank=4 proof_factor=7
LUCKY                   13  labels=fibonacci(k=7) final_rank=5 proof_factor=7
LUCKY                   15  labels=mersenne(k=4);tetranacci(k=8) final_rank=6 proof_factor=7
reject                 123  labels=lucas(k=10);consecutive-digits(asc,start=1,len=3) deletion_rank=42 deletion_factor=7
reject                 333  labels=repdigit(d=3,len=3) deletion_rank=112 deletion_factor=7
reject                 543  labels=consecutive-digits(desc,start=5,len=3) deletion_rank=182 deletion_factor=7
reject                 901  labels=consecutive-digits(asc,start=9,len=3) deletion_rank=301 deletion_factor=7
reject                1111  labels=repdigit(d=1,len=4) deletion_rank=371 deletion_factor=7
reject                8901  labels=consecutive-digits(asc,start=8,len=4) deletion_rank=2968 deletion_factor=7
reject               12345  labels=consecutive-digits(asc,start=1,len=5) deletion_rank=4116 deletion_factor=7
reject               39603  labels=lucas(k=22) deletion_rank=13202 deletion_factor=7
reject               76543  labels=consecutive-digits(desc,start=7,len=5) deletion_rank=25515 deletion_factor=7
reject               99999  labels=repdigit(d=9,len=5) deletion_rank=33334 deletion_factor=7
reject              234567  labels=consecutive-digits(asc,start=2,len=6) deletion_rank=78190 deletion_factor=7
reject              271443  labels=lucas(k=26) deletion_rank=90482 deletion_factor=7
reject              317811  labels=fibonacci(k=28) deletion_rank=105938 deletion_factor=7
reject              456789  labels=consecutive-digits(asc,start=4,len=6) deletion_rank=152264 deletion_factor=7
reject             1234567  labels=consecutive-digits(asc,start=1,len=7) deletion_rank=411523 deletion_factor=7
reject             5432109  labels=consecutive-digits(desc,start=5,len=7) deletion_rank=1810704 deletion_factor=7
reject             5678901  labels=consecutive-digits(asc,start=5,len=7) deletion_rank=1892968 deletion_factor=7
reject            87403803  labels=lucas(k=38) deletion_rank=29134602 deletion_factor=7
reject           333333333  labels=repdigit(d=3,len=9) deletion_rank=111111112 deletion_factor=7
reject           543210987  labels=consecutive-digits(desc,start=5,len=9) deletion_rank=181070330 deletion_factor=7
reject           701408733  labels=fibonacci(k=44) deletion_rank=233802912 deletion_factor=7
reject          1111111111  labels=repdigit(d=1,len=10) deletion_rank=370370371 deletion_factor=7
reject          4321098765  labels=consecutive-digits(desc,start=4,len=10) deletion_rank=1440366256 deletion_factor=7
reject         34567890123  labels=consecutive-digits(asc,start=3,len=11) deletion_rank=11522630042 deletion_factor=7
reject         76543210987  labels=consecutive-digits(desc,start=7,len=11) deletion_rank=25514403663 deletion_factor=7
reject         99999999999  labels=repdigit(d=9,len=11) deletion_rank=33333333334 deletion_factor=7
reject       1322157322203  labels=lucas(k=58) deletion_rank=440719107402 deletion_factor=7
reject       3456789012345  labels=consecutive-digits(asc,start=3,len=13) deletion_rank=1152263004116 deletion_factor=7
reject       7302365621709  labels=tetranacci(k=49) deletion_rank=2434121873904 deletion_factor=7
reject       9012345678901  labels=consecutive-digits(asc,start=9,len=13) deletion_rank=3004115226301 deletion_factor=7
reject      65432109876543  labels=consecutive-digits(desc,start=6,len=14) deletion_rank=21810703292182 deletion_factor=7
reject      67890123456789  labels=consecutive-digits(asc,start=6,len=14) deletion_rank=22630041152264 deletion_factor=7
reject     333333333333333  labels=repdigit(d=3,len=15) deletion_rank=111111111111112 deletion_factor=7
reject     345678901234567  labels=consecutive-digits(asc,start=3,len=15) deletion_rank=115226300411523 deletion_factor=7
reject     425730551631123  labels=lucas(k=70) deletion_rank=141910183877042 deletion_factor=7
reject    1111111111111111  labels=repdigit(d=1,len=16) deletion_rank=370370370370371 deletion_factor=7
reject    2918000611027443  labels=lucas(k=74) deletion_rank=972666870342482 deletion_factor=7
reject    3416454622906707  labels=fibonacci(k=76) deletion_rank=1138818207635570 deletion_factor=7
reject   71380647112658769  labels=tetranacci(k=63) deletion_rank=23793549037552924 deletion_factor=7
reject   78901234567890123  labels=consecutive-digits(asc,start=7,len=17) deletion_rank=26300411522630042 deletion_factor=7
reject   98765432109876543  labels=consecutive-digits(desc,start=9,len=17) deletion_rank=32921810703292182 deletion_factor=7
reject   99999999999999999  labels=repdigit(d=9,len=17) deletion_rank=33333333333333334 deletion_factor=7
reject  654321098765432109  labels=consecutive-digits(desc,start=6,len=18) deletion_rank=218107032921810704 deletion_factor=7
reject  939587134549734843  labels=lucas(k=86) deletion_rank=313195711516578282 deletion_factor=7
reject 1098765432109876543  labels=consecutive-digits(desc,start=1,len=19) deletion_rank=366255144036625515 deletion_factor=7
reject 7540113804746346429  labels=fibonacci(k=92) deletion_rank=2513371268248782144 deletion_factor=7
reject 7890123456789012345  labels=consecutive-digits(asc,start=7,len=19) deletion_rank=2630041152263004116 deletion_factor=7
LUCKY                   21  labels=fibonacci(k=8);consecutive-digits(desc,start=2,len=2) final_rank=7 proof_factor=9
reject                3333  labels=repdigit(d=3,len=4) deletion_rank=954 deletion_factor=9
reject                7777  labels=repdigit(d=7,len=4) deletion_rank=2223 deletion_factor=9
reject            45678901  labels=consecutive-digits(asc,start=4,len=8) deletion_rank=13051116 deletion_factor=9
reject            65432109  labels=consecutive-digits(desc,start=6,len=8) deletion_rank=18694890 deletion_factor=9
reject            87654321  labels=consecutive-digits(desc,start=8,len=8) deletion_rank=25044093 deletion_factor=9
reject           111111111  labels=repdigit(d=1,len=9) deletion_rank=31746033 deletion_factor=9
reject          2345678901  labels=consecutive-digits(asc,start=2,len=10) deletion_rank=670193973 deletion_factor=9
reject          3333333333  labels=repdigit(d=3,len=10) deletion_rank=952380954 deletion_factor=9
reject          4567890123  labels=consecutive-digits(asc,start=4,len=10) deletion_rank=1305111465 deletion_factor=9
reject         10987654321  labels=consecutive-digits(desc,start=1,len=11) deletion_rank=3139329807 deletion_factor=9
reject       7777777777777  labels=repdigit(d=7,len=13) deletion_rank=2222222222223 deletion_factor=9
reject      21098765432109  labels=consecutive-digits(desc,start=2,len=14) deletion_rank=6028218694890 deletion_factor=9
reject    3333333333333333  labels=repdigit(d=3,len=16) deletion_rank=952380952380954 deletion_factor=9
reject    6543210987654321  labels=consecutive-digits(desc,start=6,len=16) deletion_rank=1869488853615522 deletion_factor=9
reject    6789012345678901  labels=consecutive-digits(asc,start=6,len=16) deletion_rank=1939717813051116 deletion_factor=9
reject   12345678901234567  labels=consecutive-digits(asc,start=1,len=17) deletion_rank=3527336828924163 deletion_factor=9
reject  678901234567890123  labels=consecutive-digits(asc,start=6,len=18) deletion_rank=193971781305111465 deletion_factor=9
reject  876543210987654321  labels=consecutive-digits(desc,start=8,len=18) deletion_rank=250440917425044093 deletion_factor=9
LUCKY                   31  labels=mersenne(k=5);mersenne-prime-exp(p=5) final_rank=9 proof_factor=13
LUCKY                   33  labels=repdigit(d=3,len=2) final_rank=10 proof_factor=13
LUCKY                   43  labels=consecutive-digits(desc,start=4,len=2) final_rank=12 proof_factor=13
reject                  45  labels=consecutive-digits(asc,start=4,len=2) deletion_rank=13 deletion_factor=13
reject                 199  labels=lucas(k=11) deletion_rank=52 deletion_factor=13
reject                 555  labels=repdigit(d=5,len=3) deletion_rank=143 deletion_factor=13
reject                6543  labels=consecutive-digits(desc,start=6,len=4) deletion_rank=1664 deletion_factor=13
reject               28657  labels=fibonacci(k=23) deletion_rank=7280 deletion_factor=13
reject             3210987  labels=consecutive-digits(desc,start=3,len=7) deletion_rank=815490 deletion_factor=13
reject             3456789  labels=consecutive-digits(asc,start=3,len=7) deletion_rank=877916 deletion_factor=13
reject             7555935  labels=tetranacci(k=28) deletion_rank=1918969 deletion_factor=13
reject           165580141  labels=fibonacci(k=41) deletion_rank=42052101 deletion_factor=13
reject          8765432109  labels=consecutive-digits(desc,start=8,len=10) deletion_rank=2226141489 deletion_factor=13
reject         78901234567  labels=consecutive-digits(asc,start=7,len=11) deletion_rank=20038408780 deletion_factor=13
reject        432109876543  labels=consecutive-digits(desc,start=4,len=12) deletion_rank=109742190870 deletion_factor=13
reject       2139295485799  labels=lucas(k=59) deletion_rank=543313139252 deletion_factor=13
reject   14472334024676221  labels=fibonacci(k=79) deletion_rank=3675513403092375 deletion_factor=13
reject 1234567890123456789  labels=consecutive-digits(asc,start=1,len=19) deletion_rank=313541051459925536 deletion_factor=13
reject 3661260108881759077  labels=tetranacci(k=69) deletion_rank=929843837176319767 deletion_factor=13
reject 9012345678901234567  labels=consecutive-digits(asc,start=9,len=19) deletion_rank=2288849696228884971 deletion_factor=13
reject                  55  labels=repdigit(d=5,len=2);fibonacci(k=10) deletion_rank=15 deletion_factor=15
reject              283953  labels=tetranacci(k=23) deletion_rank=66570 deletion_factor=15
reject           901234567  labels=consecutive-digits(asc,start=9,len=9) deletion_rank=211278435 deletion_factor=15
reject          7777777777  labels=repdigit(d=7,len=10) deletion_rank=1823361825 deletion_factor=15
reject        111111111111  labels=repdigit(d=1,len=12) deletion_rank=26048026050 deletion_factor=15
reject     765432109876543  labels=consecutive-digits(desc,start=7,len=15) deletion_rank=179441959824540 deletion_factor=15
reject     789012345678901  labels=consecutive-digits(asc,start=7,len=15) deletion_rank=184969927192125 deletion_factor=15
reject    2345678901234567  labels=consecutive-digits(asc,start=2,len=16) deletion_rank=549902746076970 deletion_factor=15
reject    8765432109876543  labels=consecutive-digits(desc,start=8,len=16) deletion_rank=2054899835282415 deletion_factor=15
reject  221806434537978679  labels=lucas(k=83) deletion_rank=51998578060185480 deletion_factor=15
reject 3980154972736918051  labels=lucas(k=89) deletion_rank=933076623645284820 deletion_factor=15
reject 5432109876543210987  labels=consecutive-digits(desc,start=5,len=19) deletion_rank=1273461656039434080 deletion_factor=15
LUCKY                   63  labels=mersenne(k=6) final_rank=15 proof_factor=21
LUCKY                   67  labels=consecutive-digits(asc,start=6,len=2) final_rank=16 proof_factor=21
reject                 567  labels=consecutive-digits(asc,start=5,len=3) deletion_rank=126 deletion_factor=21
reject              876543  labels=consecutive-digits(desc,start=8,len=6) deletion_rank=191793 deletion_factor=21
reject             1111111  labels=repdigit(d=1,len=7) deletion_rank=243117 deletion_factor=21
reject            14564533  labels=tetranacci(k=29) deletion_rank=3186771 deletion_factor=21
reject        555555555555  labels=repdigit(d=5,len=12) deletion_rank=121557454893 deletion_factor=21
reject       3210987654321  labels=consecutive-digits(desc,start=3,len=13) deletion_rank=702575076504 deletion_factor=21
reject       3788394725871  labels=tetranacci(k=48) deletion_rank=828913717800 deletion_factor=21
reject       5678901234567  labels=consecutive-digits(asc,start=5,len=13) deletion_rank=1242563005173 deletion_factor=21
reject       9062201101803  labels=lucas(k=62) deletion_rank=1982840582961 deletion_factor=21
reject    2682493808945359  labels=tetranacci(k=58) deletion_rank=586938816316251 deletion_factor=21
reject   61305790721611591  labels=fibonacci(k=82) deletion_rank=13413916602335529 deletion_factor=21
reject  432109876543210987  labels=consecutive-digits(desc,start=4,len=18) deletion_rank=94547118286377792 deletion_factor=21
LUCKY                   87  labels=consecutive-digits(desc,start=8,len=2) final_rank=21 proof_factor=25
LUCKY                   99  labels=repdigit(d=9,len=2) final_rank=23 proof_factor=25
reject                 109  labels=consecutive-digits(desc,start=1,len=3) deletion_rank=25 deletion_factor=25
reject                 345  labels=consecutive-digits(asc,start=3,len=3) deletion_rank=75 deletion_factor=25
reject              121393  labels=fibonacci(k=26) deletion_rank=25300 deletion_factor=25
reject              678901  labels=consecutive-digits(asc,start=6,len=6) deletion_rank=141475 deletion_factor=25
reject       7890123456789  labels=consecutive-digits(asc,start=7,len=13) deletion_rank=1644177130600 deletion_factor=25
reject 16860207025497407047  labels=lucas(k=92) deletion_rank=3513400894202145875 deletion_factor=25
LUCKY                  111  labels=repdigit(d=1,len=3) final_rank=25 proof_factor=31
LUCKY                  127  labels=mersenne(k=7);mersenne-prime-exp(p=7) final_rank=27 proof_factor=31
reject                 765  labels=consecutive-digits(desc,start=7,len=3) deletion_rank=155 deletion_factor=31
reject         28143753123  labels=lucas(k=50) deletion_rank=5630125171 deletion_factor=31
reject    1803423556807921  labels=lucas(k=73) deletion_rank=360772790656181 deletion_factor=31
reject                 999  labels=repdigit(d=9,len=3) deletion_rank=198 deletion_factor=33
reject           102334155  labels=fibonacci(k=40) deletion_rank=19811451 deletion_factor=33
reject          2971215073  labels=fibonacci(k=47) deletion_rank=575214321 deletion_factor=33
reject  111111111111111111  labels=repdigit(d=1,len=18) deletion_rank=21510627962240868 deletion_factor=33
reject           987654321  labels=consecutive-digits(desc,start=9,len=9) deletion_rank=185411477 deletion_factor=37
reject          1568397607  labels=lucas(k=44) deletion_rank=294433901 deletion_factor=37
reject       1111111111111  labels=repdigit(d=1,len=13) deletion_rank=208587907518 deletion_factor=37
reject    9999999999999999  labels=repdigit(d=9,len=16) deletion_rank=1877291167613752 deletion_factor=37
reject  777777777777777777  labels=repdigit(d=7,len=18) deletion_rank=146011535258847090 deletion_factor=37
reject              333333  labels=repdigit(d=3,len=6) deletion_rank=60888 deletion_factor=43
reject              555555  labels=repdigit(d=5,len=6) deletion_rank=101480 deletion_factor=43
reject            99999999  labels=repdigit(d=9,len=8) deletion_rank=18265540 deletion_factor=43
reject           134217727  labels=mersenne(k=27) deletion_rank=24515590 deletion_factor=43
reject          4106118243  labels=lucas(k=46) deletion_rank=750004495 deletion_factor=43
reject         12586269025  labels=fibonacci(k=50) deletion_rank=2298949463 deletion_factor=43
reject        678901234567  labels=consecutive-digits(asc,start=6,len=12) deletion_rank=124004947269 deletion_factor=43
reject       1098765432109  labels=consecutive-digits(desc,start=1,len=13) deletion_rank=200695392100 deletion_factor=43
reject      35184372088831  labels=mersenne(k=45) deletion_rank=6426614039393 deletion_factor=43
reject    2251799813685247  labels=mersenne(k=51) deletion_rank=411303298520980 deletion_factor=43
reject   34567890123456789  labels=consecutive-digits(asc,start=3,len=17) deletion_rank=6314010306013752 deletion_factor=43
reject                 255  labels=mersenne(k=8) deletion_rank=49 deletion_factor=49
reject               20569  labels=tetranacci(k=19) deletion_rank=3675 deletion_factor=49
reject               32109  labels=consecutive-digits(desc,start=3,len=5) deletion_rank=5733 deletion_factor=49
reject         73681302247  labels=lucas(k=52) deletion_rank=13145301197 deletion_factor=49
reject       8796093022207  labels=mersenne(k=43);mersenne-prime-exp(p=43) deletion_rank=1569289474739 deletion_factor=49
reject      33333333333333  labels=repdigit(d=3,len=14) deletion_rank=5946918595086 deletion_factor=49
reject             9876543  labels=consecutive-digits(desc,start=9,len=7) deletion_rank=1726095 deletion_factor=51
reject      70368744177663  labels=mersenne(k=46) deletion_rank=12298105271397 deletion_factor=51
reject     901234567890123  labels=consecutive-digits(asc,start=9,len=15) deletion_rank=157505689772535 deletion_factor=51
LUCKY                  321  labels=consecutive-digits(desc,start=3,len=3) final_rank=60 proof_factor=63
reject        591286729879  labels=fibonacci(k=58) deletion_rank=101310944994 deletion_factor=63
reject      89012345678901  labels=consecutive-digits(asc,start=8,len=14) deletion_rank=15251356745541 deletion_factor=63
reject   72057594037927935  labels=mersenne(k=56) deletion_rank=12346333135200729 deletion_factor=63
reject          9999999999  labels=repdigit(d=9,len=10) deletion_rank=1686201127 deletion_factor=67
reject        999999999999  labels=repdigit(d=9,len=12) deletion_rank=168620112231 deletion_factor=67
reject              210987  labels=consecutive-digits(desc,start=2,len=6) deletion_rank=35052 deletion_factor=69
reject          1073741823  labels=mersenne(k=30) deletion_rank=178352166 deletion_factor=69
reject         17179869183  labels=mersenne(k=34) deletion_rank=2853634587 deletion_factor=69
reject      10610209857723  labels=fibonacci(k=64) deletion_rank=1762391869833 deletion_factor=69
reject      43210987654321  labels=consecutive-digits(desc,start=4,len=14) deletion_rank=7177491713208 deletion_factor=69
reject     281474976710655  labels=mersenne(k=48) deletion_rank=46753948995024 deletion_factor=69
reject  288230376151711743  labels=mersenne(k=58) deletion_rank=47876043770899194 deletion_factor=69
reject             1346269  labels=fibonacci(k=31) deletion_rank=220387 deletion_factor=73
reject        333333333333  labels=repdigit(d=3,len=12) deletion_rank=53817895425 deletion_factor=75
reject       1234567890123  labels=consecutive-digits(asc,start=1,len=13) deletion_rank=199325536800 deletion_factor=75
reject         55555555555  labels=repdigit(d=5,len=11) deletion_rank=8850053921 deletion_factor=79
reject 10420180999117162549  labels=lucas(k=91) deletion_rank=1659944945315019527 deletion_factor=79
LUCKY                  511  labels=mersenne(k=9) final_rank=86 proof_factor=87
reject              262143  labels=mersenne(k=18) deletion_rank=41238 deletion_factor=87
reject    2109876543210987  labels=consecutive-digits(desc,start=2,len=16) deletion_rank=331850882349480 deletion_factor=87
reject             1098765  labels=consecutive-digits(desc,start=1,len=7) deletion_rank=170841 deletion_factor=93
reject             9999999  labels=repdigit(d=9,len=7) deletion_rank=1554774 deletion_factor=93
reject   54321098765432109  labels=consecutive-digits(desc,start=5,len=17) deletion_rank=8445661624634784 deletion_factor=93
reject 1100087778366101931  labels=fibonacci(k=88) deletion_rank=171037945561379805 deletion_factor=93
reject 4611686018427387903  labels=mersenne(k=62) deletion_rank=717009422045830056 deletion_factor=93
reject             5702887  labels=fibonacci(k=34) deletion_rank=877140 deletion_factor=99
reject      45678901234567  labels=consecutive-digits(asc,start=4,len=14) deletion_rank=7025636225718 deletion_factor=99
reject     162614600673847  labels=lucas(k=68) deletion_rank=25010913100932 deletion_factor=99
reject     109876543210987  labels=consecutive-digits(desc,start=1,len=15) deletion_rank=16728841991610 deletion_factor=105
reject              167761  labels=lucas(k=25) deletion_rank=25308 deletion_factor=111
reject           345678901  labels=consecutive-digits(asc,start=3,len=9) deletion_rank=52128819 deletion_factor=111
reject               34567  labels=consecutive-digits(asc,start=3,len=5) deletion_rank=5175 deletion_factor=115
reject         33333333333  labels=repdigit(d=3,len=11) deletion_rank=4981422570 deletion_factor=115
reject  137590621159726105  labels=tetranacci(k=64) deletion_rank=20561910728440435 deletion_factor=115
LUCKY                  777  labels=repdigit(d=7,len=3) final_rank=124 proof_factor=127
reject                 789  labels=consecutive-digits(asc,start=7,len=3) deletion_rank=127 deletion_factor=127
reject               54321  labels=consecutive-digits(desc,start=5,len=5) deletion_rank=7998 deletion_factor=129
reject        876543210987  labels=consecutive-digits(desc,start=8,len=12) deletion_rank=128831422929 deletion_factor=129
reject                 843  labels=lucas(k=14) deletion_rank=133 deletion_factor=133
reject    4567890123456789  labels=consecutive-digits(asc,start=4,len=16) deletion_rank=666168942058123 deletion_factor=133
reject          5350220959  labels=tetranacci(k=38) deletion_rank=774395370 deletion_factor=135
reject   56789012345678901  labels=consecutive-digits(asc,start=5,len=17) deletion_rank=8158801522012368 deletion_factor=141
reject                 987  labels=fibonacci(k=16);consecutive-digits(desc,start=9,len=3) deletion_rank=151 deletion_factor=151
reject                2047  labels=mersenne(k=11);mersenne-prime-exp(p=11) deletion_rank=302 deletion_factor=151
reject   36028797018963967  labels=mersenne(k=55) deletion_rank=5139498422880258 deletion_factor=151
reject 1111111111111111111  labels=repdigit(d=1,len=19) deletion_rank=158499707891842476 deletion_factor=151
LUCKY                 1023  labels=mersenne(k=10) final_rank=157 proof_factor=159
reject        274877906943  labels=mersenne(k=38) deletion_rank=38706605431 deletion_factor=163
reject   90123456789012345  labels=consecutive-digits(asc,start=9,len=17) deletion_rank=12612770730314911 deletion_factor=169
reject             7890123  labels=consecutive-digits(asc,start=7,len=7) deletion_rank=1091286 deletion_factor=189
reject           789012345  labels=consecutive-digits(asc,start=7,len=9) deletion_rank=107987100 deletion_factor=195
reject         32109876543  labels=consecutive-digits(desc,start=3,len=11) deletion_rank=4394673855 deletion_factor=195
reject               32767  labels=mersenne(k=15) deletion_rank=4431 deletion_factor=211
LUCKY                 1597  labels=fibonacci(k=17) final_rank=229 proof_factor=231
reject          6789012345  labels=consecutive-digits(asc,start=6,len=10) deletion_rank=902753775 deletion_factor=231
reject         34359738367  labels=mersenne(k=35) deletion_rank=4568909499 deletion_factor=231
reject               65535  labels=mersenne(k=16) deletion_rank=8695 deletion_factor=235
reject        225851433717  labels=fibonacci(k=56) deletion_rank=29902081030 deletion_factor=235
reject               16383  labels=mersenne(k=14) deletion_rank=2169 deletion_factor=241
reject   18014398509481983  labels=mersenne(k=54) deletion_rank=2364884745396871 deletion_factor=241
reject            33333333  labels=repdigit(d=3,len=8) deletion_rank=4340952 deletion_factor=261
reject  555555555555555555  labels=repdigit(d=5,len=18) deletion_rank=72348886256908068 deletion_factor=261
reject        142368356257  labels=tetranacci(k=43) deletion_rank=18400136391 deletion_factor=273
reject           777777777  labels=repdigit(d=7,len=9) deletion_rank=100154266 deletion_factor=283
reject     100808458960497  labels=tetranacci(k=53) deletion_rank=12981079323335 deletion_factor=283
reject                2109  labels=consecutive-digits(desc,start=2,len=4) deletion_rank=289 deletion_factor=289
reject            20633239  labels=lucas(k=35) deletion_rank=2638281 deletion_factor=289
reject           536870911  labels=mersenne(k=29);mersenne-prime-exp(p=29) deletion_rank=68646748 deletion_factor=289
reject 2305843009213693951  labels=mersenne(k=61);mersenne-prime-exp(p=61) deletion_rank=293815268876753613 deletion_factor=297
reject      99999999999999  labels=repdigit(d=9,len=14) deletion_rank=12616161883666 deletion_factor=319
reject               15127  labels=lucas(k=20) deletion_rank=1926 deletion_factor=321
reject 9999999999999999999  labels=repdigit(d=9,len=19) deletion_rank=1249909253310029289 deletion_factor=331
reject     321098765432109  labels=consecutive-digits(desc,start=3,len=15) deletion_rank=39248614504086 deletion_factor=393
reject           268435455  labels=mersenne(k=28) deletion_rank=32645971 deletion_factor=409
reject          4294967295  labels=mersenne(k=32) deletion_rank=514955408 deletion_factor=451
LUCKY                 3571  labels=lucas(k=17) final_rank=453 proof_factor=463
reject             1048575  labels=mersenne(k=20) deletion_rank=125473 deletion_factor=463
LUCKY                 4095  labels=mersenne(k=12) final_rank=514 proof_factor=517
reject             2178309  labels=fibonacci(k=32) deletion_rank=255867 deletion_factor=519
LUCKY                 4321  labels=consecutive-digits(desc,start=4,len=4) final_rank=538 proof_factor=541
LUCKY                 4567  labels=consecutive-digits(asc,start=4,len=4) final_rank=562 proof_factor=577
reject          2109876543  labels=consecutive-digits(desc,start=2,len=10) deletion_rank=242113815 deletion_factor=615
reject          2147483647  labels=mersenne(k=31);mersenne-prime-exp(p=31) deletion_rank=245235626 deletion_factor=631
reject               10987  labels=consecutive-digits(desc,start=1,len=5) deletion_rank=1290 deletion_factor=645
LUCKY                 6765  labels=fibonacci(k=20) final_rank=797 proof_factor=801
LUCKY                 6789  labels=consecutive-digits(asc,start=6,len=4) final_rank=800 proof_factor=801
reject         98765432109  labels=consecutive-digits(desc,start=9,len=11) deletion_rank=10750164432 deletion_factor=903
LUCKY                 8191  labels=mersenne(k=13);mersenne-prime-exp(p=13) final_rank=941 proof_factor=957
reject             3333333  labels=repdigit(d=3,len=7) deletion_rank=359046 deletion_factor=981
reject      55555555555555  labels=repdigit(d=5,len=14) deletion_rank=5964953188318 deletion_factor=997
reject  144115188075855871  labels=mersenne(k=57) deletion_rank=15473526310605052 deletion_factor=997
reject     806515533049393  labels=fibonacci(k=73) deletion_rank=86422301334762 deletion_factor=1011
reject           969323029  labels=lucas(k=43) deletion_rank=103663659 deletion_factor=1023
LUCKY                 9349  labels=lucas(k=19) final_rank=1055 proof_factor=1057
reject   55555555555555555  labels=repdigit(d=5,len=17) deletion_rank=5890944230195115 deletion_factor=1101
LUCKY                 9999  labels=repdigit(d=9,len=4) final_rank=1118 proof_factor=1123
reject            16777215  labels=mersenne(k=24) deletion_rank=1768005 deletion_factor=1167
LUCKY                10671  labels=tetranacci(k=18) final_rank=1187 proof_factor=1189
reject           387559437  labels=tetranacci(k=34) deletion_rank=40533137 deletion_factor=1231
reject   33333333333333333  labels=repdigit(d=3,len=17) deletion_rank=3486179925581394 deletion_factor=1231
reject 1152921504606846975  labels=mersenne(k=60) deletion_rank=120190089330828126 deletion_factor=1251
reject 7777777777777777777  labels=repdigit(d=7,len=19) deletion_rank=786105170483531340 deletion_factor=1599
reject    1304969544928657  labels=fibonacci(k=74) deletion_rank=130494913280963 deletion_factor=1771
reject    4321098765432109  labels=consecutive-digits(desc,start=4,len=16) deletion_rank=429713188203873 deletion_factor=1839
reject           370248451  labels=lucas(k=41) deletion_rank=36422092 deletion_factor=2023
reject         17393796001  labels=lucas(k=49) deletion_rank=1700371875 deletion_factor=2125
reject              999999  labels=repdigit(d=9,len=6) deletion_rank=97842 deletion_factor=2127
LUCKY                33333  labels=repdigit(d=3,len=5) final_rank=3262 proof_factor=3289
reject               90123  labels=consecutive-digits(asc,start=9,len=5) deletion_rank=8378 deletion_factor=4189
LUCKY                55555  labels=repdigit(d=5,len=5) final_rank=5159 proof_factor=5169
reject            43210987  labels=consecutive-digits(desc,start=4,len=8) deletion_rank=3827281 deletion_factor=5179
reject      17592186044415  labels=mersenne(k=44) deletion_rank=1521003627480 deletion_factor=6505
LUCKY                75025  labels=fibonacci(k=25) final_rank=6762 proof_factor=6763
LUCKY                78901  labels=consecutive-digits(asc,start=7,len=5) final_rank=7077 proof_factor=7081
reject              654321  labels=consecutive-digits(desc,start=6,len=6) deletion_rank=55086 deletion_factor=9181
LUCKY               111111  labels=repdigit(d=1,len=6) final_rank=9639 proof_factor=9643
reject       2199023255551  labels=mersenne(k=41);mersenne-prime-exp(p=41) deletion_rank=180180964473 deletion_factor=11157
LUCKY               131071  labels=mersenne(k=17);mersenne-prime-exp(p=17) final_rank=11205 proof_factor=11217
reject    7777777777777777  labels=repdigit(d=7,len=16) deletion_rank=628254115173985 deletion_factor=12907
reject    9007199254740991  labels=mersenne(k=53);mersenne-prime-exp(p=53) deletion_rank=723407649170445 deletion_factor=13681
reject         90123456789  labels=consecutive-digits(asc,start=9,len=11) deletion_rank=7163494052 deletion_factor=15217
reject     543210987654321  labels=consecutive-digits(desc,start=5,len=15) deletion_rank=42731896678326 deletion_factor=17019
reject           555555555  labels=repdigit(d=5,len=9) deletion_rank=43025892 deletion_factor=20181
reject 18446744073709551615  labels=mersenne(k=64) deletion_rank=1424639076593320782 deletion_factor=20821
reject        456789012345  labels=consecutive-digits(asc,start=4,len=12) deletion_rank=34654634885 deletion_factor=25285
LUCKY               432109  labels=consecutive-digits(desc,start=4,len=6) final_rank=33257 proof_factor=33273
reject 1899425365020742591  labels=tetranacci(k=68) deletion_rank=139457392487693328 deletion_factor=36633
LUCKY               524287  labels=mersenne(k=19);mersenne-prime-exp(p=19) final_rank=39713 proof_factor=39721
reject     308061521170129  labels=fibonacci(k=71) deletion_rank=22126362701904 deletion_factor=47349
LUCKY               710647  labels=lucas(k=28) final_rank=52502 proof_factor=52503
LUCKY               777777  labels=repdigit(d=7,len=6) final_rank=57049 proof_factor=57061
reject   76543210987654321  labels=consecutive-digits(desc,start=7,len=17) deletion_rank=5405465286864585 deletion_factor=57945
reject        137438953471  labels=mersenne(k=37);mersenne-prime-exp(p=37) deletion_rank=9681839550 deletion_factor=59665
reject             7654321  labels=consecutive-digits(desc,start=7,len=7) deletion_rank=541323 deletion_factor=60147
reject   32109876543210987  labels=consecutive-digits(desc,start=3,len=17) deletion_rank=2246015993547900 deletion_factor=64995
reject   23416728348467685  labels=fibonacci(k=80) deletion_rank=1628374738196085 deletion_factor=69729
reject        549755813887  labels=mersenne(k=39) deletion_rank=37280351970 deletion_factor=95373
LUCKY              2097151  labels=mersenne(k=21) final_rank=142535 proof_factor=142537
reject       7654321098765  labels=consecutive-digits(desc,start=7,len=13) deletion_rank=501973469613 deletion_factor=146223
reject    7639424778862807  labels=lucas(k=76) deletion_rank=490234604493870 deletion_factor=194599
reject        139583862445  labels=fibonacci(k=55) deletion_rank=8844467121 deletion_factor=230643
LUCKY              4194303  labels=mersenne(k=22) final_rank=271179 proof_factor=271189
reject         12345678901  labels=consecutive-digits(asc,start=1,len=11) deletion_rank=765742160 deletion_factor=308767
reject           999999999  labels=repdigit(d=9,len=9) deletion_rank=61296984 deletion_factor=364863
LUCKY              7777777  labels=repdigit(d=7,len=7) final_rank=481913 proof_factor=481933
LUCKY              8388607  labels=mersenne(k=23);mersenne-prime-exp(p=23) final_rank=517138 proof_factor=517147
reject     140737488355327  labels=mersenne(k=47);mersenne-prime-exp(p=47) deletion_rank=8391257377577 deletion_factor=538987
LUCKY              9012345  labels=consecutive-digits(asc,start=9,len=7) final_rank=552903 proof_factor=552913
LUCKY             12752043  labels=lucas(k=34) final_rank=764633 proof_factor=764641
reject      17167680177565  labels=fibonacci(k=65) deletion_rank=987057107349 deletion_factor=920013
reject           765432109  labels=consecutive-digits(desc,start=7,len=9) deletion_rank=42629244 deletion_factor=1522473
LUCKY             33554431  labels=mersenne(k=25) final_rank=1892490 proof_factor=1892493
reject       5432109876543  labels=consecutive-digits(desc,start=5,len=13) deletion_rank=297372163856 deletion_factor=1958251
LUCKY             55555555  labels=repdigit(d=5,len=8) final_rank=3039458 proof_factor=3039483
LUCKY             67108863  labels=mersenne(k=26) final_rank=3630728 proof_factor=3630733
LUCKY             67890123  labels=consecutive-digits(asc,start=6,len=8) final_rank=3670480 proof_factor=3670491
reject        210987654321  labels=consecutive-digits(desc,start=2,len=12) deletion_rank=11039045841 deletion_factor=4077963
LUCKY            109876543  labels=consecutive-digits(desc,start=1,len=9) final_rank=5777122 proof_factor=5777163
LUCKY            123456789  labels=consecutive-digits(asc,start=1,len=9) final_rank=6448210 proof_factor=6448213
reject          7778742049  labels=fibonacci(k=49) deletion_rank=396100755 deletion_factor=6493455
reject     555555555555555  labels=repdigit(d=5,len=15) deletion_rank=28197390220002 deletion_factor=6809967
reject  333333333333333333  labels=repdigit(d=3,len=18) deletion_rank=16195582588834278 deletion_factor=14669847
reject 3456789012345678901  labels=consecutive-digits(asc,start=3,len=19) deletion_rank=159628777702189215 deletion_factor=37571529
LUCKY           6543210987  labels=consecutive-digits(desc,start=6,len=10) final_rank=279080424 proof_factor=279080427
reject 1779979416004714189  labels=fibonacci(k=89) deletion_rank=74207156515102235 deletion_factor=293435515
LUCKY           8589934591  labels=mersenne(k=33) final_rank=361841661 proof_factor=361841731
LUCKY           8901234567  labels=consecutive-digits(asc,start=8,len=10) final_rank=374348914 proof_factor=374348971
reject  137083915467899403  labels=lucas(k=82) deletion_rank=5482887488295975 deletion_factor=722007225
reject       3333333333333  labels=repdigit(d=3,len=13) deletion_rank=132268798197 deletion_factor=864501949
reject     111111111111111  labels=repdigit(d=1,len=15) deletion_rank=4380216543660 deletion_factor=998226195
LUCKY          32951280099  labels=fibonacci(k=52) final_rank=1308134291 proof_factor=1308134331
reject 3333333333333333333  labels=repdigit(d=3,len=19) deletion_rank=129371520035437100 deletion_factor=1423437313
LUCKY          68719476735  labels=mersenne(k=36) final_rank=2644978773 proof_factor=2644978801
reject 9876543210987654321  labels=consecutive-digits(desc,start=9,len=19) deletion_rank=370590056272713906 deletion_factor=3133461249
reject   10987654321098765  labels=consecutive-digits(desc,start=1,len=17) deletion_rank=410667264459507 deletion_factor=3440605773
LUCKY         274423830033  labels=tetranacci(k=44) final_rank=9989888480 proof_factor=9989888487
reject      38388099893011  labels=lucas(k=65) deletion_rank=1334784282432 deletion_factor=20856004413
LUCKY         777777777777  labels=repdigit(d=7,len=12) final_rank=27205807242 proof_factor=27205807263
LUCKY        1099511627775  labels=mersenne(k=40) final_rank=37966547370 proof_factor=37966547419
LUCKY        4398046511103  labels=mersenne(k=42) final_rank=144456673546 proof_factor=144456673609
reject     999999999999999  labels=repdigit(d=9,len=15) deletion_rank=32284530672692 deletion_factor=152285522041
LUCKY        9876543210987  labels=consecutive-digits(desc,start=9,len=13) final_rank=315432549359 proof_factor=315432549381
LUCKY        9999999999999  labels=repdigit(d=9,len=13) final_rank=319239995375 proof_factor=319239995407

candidate sequences
consecutive-digits
  21, 43, 67, 87, 321, 4321, 4567, 6789, 78901, 432109, 9012345, 67890123, 109876543, 123456789, 6543210987, 8901234567, 9876543210987, [INCONCLUSIVE: 123456789012345], [INCONCLUSIVE: 456789012345678901], [INCONCLUSIVE: 7654321098765432109]
fibonacci
  1, 3, 13, 21, 1597, 6765, 75025, 32951280099, [INCONCLUSIVE: 72723460248141]
lucas
  1, 3, 7, 3571, 9349, 710647, 12752043, [INCONCLUSIVE: 100501350283429]
mersenne
  1, 3, 7, 15, 31, 63, 127, 511, 1023, 4095, 8191, 131071, 524287, 2097151, 4194303, 8388607, 33554431, 67108863, 8589934591, 68719476735, 1099511627775, 4398046511103, [INCONCLUSIVE: 562949953421311], [INCONCLUSIVE: 1125899906842623], [INCONCLUSIVE: 4503599627370495], [INCONCLUSIVE: 576460752303423487], [INCONCLUSIVE: 9223372036854775807]
mersenne-prime-exp
  3, 7, 31, 127, 8191, 131071, 524287, 8388607, [INCONCLUSIVE: 576460752303423487]
repdigit
  1, 3, 7, 9, 33, 99, 111, 777, 9999, 33333, 55555, 111111, 777777, 7777777, 55555555, 777777777777, 9999999999999, [INCONCLUSIVE: 777777777777777], [INCONCLUSIVE: 999999999999999999]
tetranacci
  1, 15, 10671, 274423830033, [INCONCLUSIVE: 194314552299285]
